Line 131: Class MSAdodcLib.Adodc of control Adodc2 was not a loaded control class.
Line 513: Class MSAdodcLib.Adodc of control Adodc1 was not a loaded control class.
Line 609: Class MSComCtl2.DTPicker of control DTPicker1 was not a loaded control class.
Line 136: The property name _ExtentX in Adodc2 is invalid.
Line 137: The property name _ExtentY in Adodc2 is invalid.
Line 138: The property name ConnectMode in Adodc2 is invalid.
Line 139: The property name CursorLocation in Adodc2 is invalid.
Line 140: The property name IsolationLevel in Adodc2 is invalid.
Line 141: The property name ConnectionTimeout in Adodc2 is invalid.
Line 142: The property name CommandTimeout in Adodc2 is invalid.
Line 143: The property name CursorType in Adodc2 is invalid.
Line 144: The property name LockType in Adodc2 is invalid.
Line 145: The property name CommandType in Adodc2 is invalid.
Line 146: The property name CursorOptions in Adodc2 is invalid.
Line 147: The property name CacheSize in Adodc2 is invalid.
Line 148: The property name MaxRecords in Adodc2 is invalid.
Line 149: The property name BOFAction in Adodc2 is invalid.
Line 150: The property name EOFAction in Adodc2 is invalid.
Line 151: The property name ConnectStringType in Adodc2 is invalid.
Line 155: The property name Orientation in Adodc2 is invalid.
Line 157: The property name Connect in Adodc2 is invalid.
Line 158: The property name OLEDBString in Adodc2 is invalid.
Line 159: The property name OLEDBFile in Adodc2 is invalid.
Line 160: The property name DataSourceName in Adodc2 is invalid.
Line 161: The property name OtherAttributes in Adodc2 is invalid.
Line 162: The property name UserName in Adodc2 is invalid.
Line 163: The property name Password in Adodc2 is invalid.
Line 164: The property name RecordSource in Adodc2 is invalid.
Line 165: The property name Caption in Adodc2 is invalid.
Line 175: The property name _Version in Adodc2 is invalid.
Line 518: The property name _ExtentX in Adodc1 is invalid.
Line 519: The property name _ExtentY in Adodc1 is invalid.
Line 520: The property name ConnectMode in Adodc1 is invalid.
Line 521: The property name CursorLocation in Adodc1 is invalid.
Line 522: The property name IsolationLevel in Adodc1 is invalid.
Line 523: The property name ConnectionTimeout in Adodc1 is invalid.
Line 524: The property name CommandTimeout in Adodc1 is invalid.
Line 525: The property name CursorType in Adodc1 is invalid.
Line 526: The property name LockType in Adodc1 is invalid.
Line 527: The property name CommandType in Adodc1 is invalid.
Line 528: The property name CursorOptions in Adodc1 is invalid.
Line 529: The property name CacheSize in Adodc1 is invalid.
Line 530: The property name MaxRecords in Adodc1 is invalid.
Line 531: The property name BOFAction in Adodc1 is invalid.
Line 532: The property name EOFAction in Adodc1 is invalid.
Line 533: The property name ConnectStringType in Adodc1 is invalid.
Line 537: The property name Orientation in Adodc1 is invalid.
Line 539: The property name Connect in Adodc1 is invalid.
Line 540: The property name OLEDBString in Adodc1 is invalid.
Line 541: The property name OLEDBFile in Adodc1 is invalid.
Line 542: The property name DataSourceName in Adodc1 is invalid.
Line 543: The property name OtherAttributes in Adodc1 is invalid.
Line 544: The property name UserName in Adodc1 is invalid.
Line 545: The property name Password in Adodc1 is invalid.
Line 546: The property name RecordSource in Adodc1 is invalid.
Line 547: The property name Caption in Adodc1 is invalid.
Line 557: The property name _Version in Adodc1 is invalid.
Line 615: The property name _ExtentX in DTPicker1 is invalid.
Line 616: The property name _ExtentY in DTPicker1 is invalid.
Line 617: The property name _Version in DTPicker1 is invalid.
Line 618: The property name CheckBox in DTPicker1 is invalid.
Line 619: The property name Format in DTPicker1 is invalid.
Line 620: The property name CurrentDate in DTPicker1 is invalid.
